#
# There is insufficient memory for the Java Runtime Environment to continue.
# Native memory allocation (mmap) failed to map 268435456 bytes for G1 virtual space
# Possible reasons:
#   The system is out of physical RAM or swap space
#   The process is running with CompressedOops enabled, and the Java Heap may be blocking the growth of the native heap
# Possible solutions:
#   Reduce memory load on the system
#   Increase physical memory or swap space
#   Check if swap backing store is full
#   Decrease Java heap size (-Xmx/-Xms)
#   Decrease number of Java threads
#   Decrease Java thread stack sizes (-Xss)
#   Set larger code cache with -XX:ReservedCodeCacheSize=
#   JVM is running with Zero Based Compressed Oops mode in which the Java heap is
#     placed in the first 32GB address space. The Java Heap base address is the
#     maximum limit for the native heap growth. Please use -XX:HeapBaseMinAddress
#     to set the Java Heap base and to place the Java Heap above 32GB virtual address.
# This output file may be truncated or incomplete.
#
#  Out of Memory Error (os_windows.cpp:3617), pid=11816, tid=24096
#
# JRE version:  (17.0.8.1+1) (build )
# Java VM: OpenJDK 64-Bit Server VM (17.0.8.1+1, mixed mode, sharing, tiered, compressed oops, compressed class ptrs, g1 gc, windows-amd64)
# No core dump will be written. Minidumps are not enabled by default on client versions of Windows
#

---------------  S U M M A R Y ------------

Command Line: -Dnet.bytebuddy.agent.attacher.dump= net.bytebuddy.agent.Attacher com.sun.tools.attach.VirtualMachine 8476 C:\Users\Jérome\.m2\repository\net\bytebuddy\byte-buddy-agent\1.14.8\byte-buddy-agent-1.14.8.jar false 

Host: Intel(R) Core(TM) i7-6700K CPU @ 4.00GHz, 8 cores, 15G,  Windows 10 , 64 bit Build 19041 (10.0.19041.3393)
Time: Fri Sep 29 17:55:27 2023 Hora oficial do Brasil elapsed time: 0.009785 seconds (0d 0h 0m 0s)

---------------  T H R E A D  ---------------

Current thread (0x00000170c5ca83a0):  JavaThread "Unknown thread" [_thread_in_vm, id=24096, stack(0x0000001e03f00000,0x0000001e04000000)]

Stack: [0x0000001e03f00000,0x0000001e04000000]
Native frames: (J=compiled Java code, j=interpreted, Vv=VM code, C=native code)
V  [jvm.dll+0x678b0a]
V  [jvm.dll+0x835e84]
V  [jvm.dll+0x83762e]
V  [jvm.dll+0x837c93]
V  [jvm.dll+0x24746f]
V  [jvm.dll+0x675859]
V  [jvm.dll+0x66a0ea]
V  [jvm.dll+0x306c7b]
V  [jvm.dll+0x30e166]
V  [jvm.dll+0x35dd3e]
V  [jvm.dll+0x35df6f]
V  [jvm.dll+0x2ddb48]
V  [jvm.dll+0x2deab4]
V  [jvm.dll+0x807f31]
V  [jvm.dll+0x36bb21]
V  [jvm.dll+0x7e733c]
V  [jvm.dll+0x3ee4af]
V  [jvm.dll+0x3f00c1]
C  [jli.dll+0x528b]
C  [ucrtbase.dll+0x21bb2]
C  [KERNEL32.DLL+0x17344]
C  [ntdll.dll+0x526b1]


---------------  P R O C E S S  ---------------

Threads class SMR info:
_java_thread_list=0x00007ffba996a018, length=0, elements={
}

Java Threads: ( => current thread )

Other Threads:
  0x00000170c5d15360 GCTaskThread "GC Thread#0" [stack: 0x0000001e04000000,0x0000001e04100000] [id=17244]
  0x00000170c5d26130 ConcurrentGCThread "G1 Main Marker" [stack: 0x0000001e04100000,0x0000001e04200000] [id=19244]
  0x00000170c5d272e0 ConcurrentGCThread "G1 Conc#0" [stack: 0x0000001e04200000,0x0000001e04300000] [id=852]

[error occurred during error reporting (printing all threads), id 0xc0000005, EXCEPTION_ACCESS_VIOLATION (0xc0000005) at pc=0x00007ffba913e587]

VM state: not at safepoint (not fully initialized)

VM Mutex/Monitor currently owned by a thread:  ([mutex/lock_event])
[0x00000170c5ca26e0] Heap_lock - owner thread: 0x00000170c5ca83a0

Heap address: 0x0000000701800000, size: 4072 MB, Compressed Oops mode: Zero based, Oop shift amount: 3

CDS archive(s) mapped at: [0x0000000000000000-0x0000000000000000-0x0000000000000000), size 0, SharedBaseAddress: 0x0000000800000000, ArchiveRelocationMode: 1.
Narrow klass base: 0x0000000000000000, Narrow klass shift: 0, Narrow klass range: 0x0

GC Precious Log:
<Empty>

Heap:
 garbage-first heap   total 0K, used 0K [0x0000000701800000, 0x0000000800000000)
  region size 2048K, 0 young (0K), 0 survivors (0K)

[error occurred during error reporting (printing heap information), id 0xc0000005, EXCEPTION_ACCESS_VIOLATION (0xc0000005) at pc=0x00007ffba9522699]

GC Heap History (0 events):
No events

Dll operation events (1 events):
Event: 0.006 Loaded shared library C:\Program Files\Eclipse Adoptium\jdk-17.0.8.101-hotspot\bin\java.dll

Deoptimization events (0 events):
No events

Classes unloaded (0 events):
No events

Classes redefined (0 events):
No events

Internal exceptions (0 events):
No events

VM Operations (0 events):
No events

Events (0 events):
No events


Dynamic libraries:
0x00007ff73fe70000 - 0x00007ff73fe7e000 	C:\Program Files\Eclipse Adoptium\jdk-17.0.8.101-hotspot\bin\java.exe
0x00007ffbe5bd0000 - 0x00007ffbe5dc8000 	C:\Windows\SYSTEM32\ntdll.dll
0x00007ffbe3d40000 - 0x00007ffbe3dfd000 	C:\Windows\System32\KERNEL32.DLL
0x00007ffbe3770000 - 0x00007ffbe3a66000 	C:\Windows\System32\KERNELBASE.dll
0x00007ffbe32b0000 - 0x00007ffbe33b0000 	C:\Windows\System32\ucrtbase.dll
0x00007ffbdadf0000 - 0x00007ffbdae09000 	C:\Program Files\Eclipse Adoptium\jdk-17.0.8.101-hotspot\bin\VCRUNTIME140.dll
0x00007ffbddfc0000 - 0x00007ffbddfd7000 	C:\Program Files\Eclipse Adoptium\jdk-17.0.8.101-hotspot\bin\jli.dll
0x00007ffbe4780000 - 0x00007ffbe491e000 	C:\Windows\System32\USER32.dll
0x00007ffbe3a70000 - 0x00007ffbe3a92000 	C:\Windows\System32\win32u.dll
0x00007ffbd6ee0000 - 0x00007ffbd717a000 	C:\Windows\WinSxS\amd64_microsoft.windows.common-controls_6595b64144ccf1df_6.0.19041.1110_none_60b5254171f9507e\COMCTL32.dll
0x00007ffbe5790000 - 0x00007ffbe57bc000 	C:\Windows\System32\GDI32.dll
0x00007ffbe5180000 - 0x00007ffbe521e000 	C:\Windows\System32\msvcrt.dll
0x00007ffbe3b10000 - 0x00007ffbe3c2a000 	C:\Windows\System32\gdi32full.dll
0x00007ffbe3400000 - 0x00007ffbe349d000 	C:\Windows\System32\msvcp_win.dll
0x00007ffbe3d10000 - 0x00007ffbe3d40000 	C:\Windows\System32\IMM32.DLL
0x00007ffbe0af0000 - 0x00007ffbe0afc000 	C:\Program Files\Eclipse Adoptium\jdk-17.0.8.101-hotspot\bin\vcruntime140_1.dll
0x00007ffbd8800000 - 0x00007ffbd8891000 	C:\Program Files\Eclipse Adoptium\jdk-17.0.8.101-hotspot\bin\msvcp140.dll
0x00007ffba8e50000 - 0x00007ffba9a9c000 	C:\Program Files\Eclipse Adoptium\jdk-17.0.8.101-hotspot\bin\server\jvm.dll
0x00007ffbe46d0000 - 0x00007ffbe477e000 	C:\Windows\System32\ADVAPI32.dll
0x00007ffbe4920000 - 0x00007ffbe49bc000 	C:\Windows\System32\sechost.dll
0x00007ffbe57c0000 - 0x00007ffbe58e6000 	C:\Windows\System32\RPCRT4.dll
0x00007ffbe0b20000 - 0x00007ffbe0b29000 	C:\Windows\SYSTEM32\WSOCK32.dll
0x00007ffbe2860000 - 0x00007ffbe28ab000 	C:\Windows\SYSTEM32\POWRPROF.dll
0x00007ffbe49c0000 - 0x00007ffbe4a2b000 	C:\Windows\System32\WS2_32.dll
0x00007ffbd9fa0000 - 0x00007ffbd9fc7000 	C:\Windows\SYSTEM32\WINMM.dll
0x00007ffbdd0f0000 - 0x00007ffbdd0fa000 	C:\Windows\SYSTEM32\VERSION.dll
0x00007ffbe26d0000 - 0x00007ffbe26e2000 	C:\Windows\SYSTEM32\UMPDC.dll
0x00007ffbe1160000 - 0x00007ffbe1172000 	C:\Windows\SYSTEM32\kernel.appcore.dll
0x00007ffbdcc60000 - 0x00007ffbdcc6a000 	C:\Program Files\Eclipse Adoptium\jdk-17.0.8.101-hotspot\bin\jimage.dll
0x00007ffbd7ae0000 - 0x00007ffbd7cc4000 	C:\Windows\SYSTEM32\DBGHELP.DLL
0x00007ffbc92a0000 - 0x00007ffbc92d4000 	C:\Windows\SYSTEM32\dbgcore.DLL
0x00007ffbe34a0000 - 0x00007ffbe3522000 	C:\Windows\System32\bcryptPrimitives.dll
0x00007ffbd9a60000 - 0x00007ffbd9a85000 	C:\Program Files\Eclipse Adoptium\jdk-17.0.8.101-hotspot\bin\java.dll

dbghelp: loaded successfully - version: 4.0.5 - missing functions: none
symbol engine: initialized successfully - sym options: 0x614 - pdb path: .;C:\Program Files\Eclipse Adoptium\jdk-17.0.8.101-hotspot\bin;C:\Windows\SYSTEM32;C:\Windows\WinSxS\amd64_microsoft.windows.common-controls_6595b64144ccf1df_6.0.19041.1110_none_60b5254171f9507e;C:\Program Files\Eclipse Adoptium\jdk-17.0.8.101-hotspot\bin\server

VM Arguments:
jvm_args: -Dnet.bytebuddy.agent.attacher.dump= 
java_command: net.bytebuddy.agent.Attacher com.sun.tools.attach.VirtualMachine 8476 C:\Users\Jérome\.m2\repository\net\bytebuddy\byte-buddy-agent\1.14.8\byte-buddy-agent-1.14.8.jar false 
java_class_path (initial): C:\Users\Jérome\.m2\repository\net\bytebuddy\byte-buddy-agent\1.14.8\byte-buddy-agent-1.14.8.jar
Launcher Type: SUN_STANDARD

[Global flags]
     intx CICompilerCount                          = 4                                         {product} {ergonomic}
     uint ConcGCThreads                            = 2                                         {product} {ergonomic}
     uint G1ConcRefinementThreads                  = 8                                         {product} {ergonomic}
   size_t G1HeapRegionSize                         = 2097152                                   {product} {ergonomic}
    uintx GCDrainStackTargetSize                   = 64                                        {product} {ergonomic}
   size_t InitialHeapSize                          = 268435456                                 {product} {ergonomic}
   size_t MarkStackSize                            = 4194304                                   {product} {ergonomic}
   size_t MaxHeapSize                              = 4269801472                                {product} {ergonomic}
   size_t MinHeapDeltaBytes                        = 2097152                                   {product} {ergonomic}
   size_t MinHeapSize                              = 8388608                                   {product} {ergonomic}
    uintx NonNMethodCodeHeapSize                   = 5839372                                {pd product} {ergonomic}
    uintx NonProfiledCodeHeapSize                  = 122909434                              {pd product} {ergonomic}
    uintx ProfiledCodeHeapSize                     = 122909434                              {pd product} {ergonomic}
    uintx ReservedCodeCacheSize                    = 251658240                              {pd product} {ergonomic}
     bool SegmentedCodeCache                       = true                                      {product} {ergonomic}
   size_t SoftMaxHeapSize                          = 4269801472                             {manageable} {ergonomic}
     bool UseCompressedClassPointers               = true                           {product lp64_product} {ergonomic}
     bool UseCompressedOops                        = true                           {product lp64_product} {ergonomic}
     bool UseG1GC                                  = true                                      {product} {ergonomic}
     bool UseLargePagesIndividualAllocation        = false                                  {pd product} {ergonomic}

Logging:
Log output configuration:
 #0: stdout all=warning uptime,level,tags
 #1: stderr all=off uptime,level,tags

Environment Variables:
JAVA_HOME=C:\Program Files\Eclipse Adoptium\jdk-17.0.8.101-hotspot\
PATH=C:/Users/Jérome/Desktop/Documentos/sts-4.20.0.RELEASE//plugins/org.eclipse.justj.openjdk.hotspot.jre.full.win32.x86_64_17.0.8.v20230831-1047/jre/bin/server;C:/Users/Jérome/Desktop/Documentos/sts-4.20.0.RELEASE//plugins/org.eclipse.justj.openjdk.hotspot.jre.full.win32.x86_64_17.0.8.v20230831-1047/jre/bin;C:\Program Files\Eclipse Adoptium\jdk-17.0.8.101-hotspot\bin;C:\Program Files (x86)\Common Files\Oracle\Java\javapath;C:\Python39\Scripts\;C:\Python39\;C:\Program Files (x86)\Intel\Intel(R) Management Engine Components\iCLS\;C:\Program Files\Intel\Intel(R) Management Engine Components\iCLS\;C:\Windows\system32;C:\Windows;C:\Windows\System32\Wbem;C:\Windows\System32\WindowsPowerShell\v1.0\;C:\Windows\System32\OpenSSH\;C:\Program Files (x86)\NVIDIA Corporation\PhysX\Common;C:\Program Files\NVIDIA Corporation\NVIDIA NvDLISR;C:\Program Files (x86)\Intel\Intel(R) Management Engine Components\DAL;C:\Program Files\Intel\Intel(R) Management Engine Components\DAL;C:\Program Files (x86)\Intel\Intel(R) Management Engine Components\IPT;C:\Program Files\Intel\Intel(R) Management Engine Components\IPT;C:\ProgramData\chocolatey\bin;C:\Program Files\Git\cmd;C:\Program Files (x86)\Yarn\bin\;C:\Program Files\Eclipse Adoptium\jdk-17.0.8.101-hotspot\;C:\Windows\SysWOW64;C:\Program Files\nodejs\;C:\Program Files\dotnet\;C:\Program Files\Eclipse Adoptium\jdk-17.0.8.101-hotspot\\bin;C:\Users\Jérome\AppData\Local\Microsoft\WindowsApps;C:\Users\Jérome\AppData\Local\Programs\Microsoft VS Code\bin;C:\Users\Jérome\AppData\Local\Yarn\bin;C:\Users\Jérome\AppData\Roaming\npm;C:\Program Files\Eclipse Adoptium\jdk-17.0.8.101-hotspot\\bin;;C:\Users\Jérome\Desktop\Documentos\sts-4.20.0.RELEASE;
USERNAME=Jérome
OS=Windows_NT
PROCESSOR_IDENTIFIER=Intel64 Family 6 Model 94 Stepping 3, GenuineIntel
TMP=C:\Users\JROME~1\AppData\Local\Temp
TEMP=C:\Users\JROME~1\AppData\Local\Temp



---------------  S Y S T E M  ---------------

OS:
 Windows 10 , 64 bit Build 19041 (10.0.19041.3393)
OS uptime: 3 days 2:36 hours

CPU: total 8 (initial active 8) (4 cores per cpu, 2 threads per core) family 6 model 94 stepping 3 microcode 0xcc, cx8, cmov, fxsr, ht, mmx, 3dnowpref, sse, sse2, sse3, ssse3, sse4.1, sse4.2, popcnt, lzcnt, tsc, tscinvbit, avx, avx2, aes, erms, clmul, bmi1, bmi2, rtm, adx, fma, vzeroupper, clflush, clflushopt
Processor Information for all 8 processors :
  Max Mhz: 4001, Current Mhz: 4001, Mhz Limit: 4001

Memory: 4k page, system-wide physical 16286M (5978M free)
TotalPageFile size 18334M (AvailPageFile size 74M)
current process WorkingSet (physical memory assigned to process): 10M, peak: 10M
current process commit charge ("private bytes"): 60M, peak: 316M

vm_info: OpenJDK 64-Bit Server VM (17.0.8.1+1) for windows-amd64 JRE (17.0.8.1+1), built on Aug 23 2023 15:29:17 by "admin" with MS VC++ 16.7 (VS2019)

END.
