#
# There is insufficient memory for the Java Runtime Environment to continue.
# Native memory allocation (mmap) failed to map 1671168 bytes for G1 virtual space
# Possible reasons:
#   The system is out of physical RAM or swap space
#   The process is running with CompressedOops enabled, and the Java Heap may be blocking the growth of the native heap
# Possible solutions:
#   Reduce memory load on the system
#   Increase physical memory or swap space
#   Check if swap backing store is full
#   Decrease Java heap size (-Xmx/-Xms)
#   Decrease number of Java threads
#   Decrease Java thread stack sizes (-Xss)
#   Set larger code cache with -XX:ReservedCodeCacheSize=
#   JVM is running with Zero Based Compressed Oops mode in which the Java heap is
#     placed in the first 32GB address space. The Java Heap base address is the
#     maximum limit for the native heap growth. Please use -XX:HeapBaseMinAddress
#     to set the Java Heap base and to place the Java Heap above 32GB virtual address.
# This output file may be truncated or incomplete.
#
#  Out of Memory Error (os_windows.cpp:3617), pid=12296, tid=13416
#
# JRE version: OpenJDK Runtime Environment Temurin-17.0.8.1+1 (17.0.8.1+1) (build 17.0.8.1+1)
# Java VM: OpenJDK 64-Bit Server VM Temurin-17.0.8.1+1 (17.0.8.1+1, mixed mode, sharing, tiered, compressed oops, compressed class ptrs, g1 gc, windows-amd64)
# No core dump will be written. Minidumps are not enabled by default on client versions of Windows
#

---------------  S U M M A R Y ------------

Command Line: -ea -Dfile.encoding=UTF-8 -Dstdout.encoding=UTF-8 -Dstderr.encoding=UTF-8 -XX:+ShowCodeDetailsInExceptionMessages org.eclipse.jdt.internal.junit.runner.RemoteTestRunner -version 3 -port 51599 -testLoaderClass org.eclipse.jdt.internal.junit5.runner.JUnit5TestLoader -loaderpluginname org.eclipse.jdt.junit5.runtime -classNames com.firstdecision.userregistration.api.controller.UserControllerTest

Host: Intel(R) Core(TM) i7-6700K CPU @ 4.00GHz, 8 cores, 15G,  Windows 10 , 64 bit Build 19041 (10.0.19041.3393)
Time: Fri Sep 29 17:53:23 2023 Hora oficial do Brasil elapsed time: 4.625936 seconds (0d 0h 0m 4s)

---------------  T H R E A D  ---------------

Current thread (0x00000239c7079f10):  VMThread "VM Thread" [stack: 0x000000c2cab00000,0x000000c2cac00000] [id=13416]

Stack: [0x000000c2cab00000,0x000000c2cac00000]
Native frames: (J=compiled Java code, j=interpreted, Vv=VM code, C=native code)
V  [jvm.dll+0x678b0a]
V  [jvm.dll+0x835e84]
V  [jvm.dll+0x83762e]
V  [jvm.dll+0x837c93]
V  [jvm.dll+0x24746f]
V  [jvm.dll+0x675859]
V  [jvm.dll+0x66a0ea]
V  [jvm.dll+0x306c7b]
V  [jvm.dll+0x30e166]
V  [jvm.dll+0x35dd53]
V  [jvm.dll+0x35df6f]
V  [jvm.dll+0x2ddb48]
V  [jvm.dll+0x2dbd0c]
V  [jvm.dll+0x2db2dc]
V  [jvm.dll+0x31f18b]
V  [jvm.dll+0x83c15b]
V  [jvm.dll+0x83ce94]
V  [jvm.dll+0x83d3ac]
V  [jvm.dll+0x83d784]
V  [jvm.dll+0x83d850]
V  [jvm.dll+0x7e64ca]
V  [jvm.dll+0x677955]
C  [ucrtbase.dll+0x21bb2]
C  [KERNEL32.DLL+0x17344]
C  [ntdll.dll+0x526b1]

VM_Operation (0x000000c2ca5fab70): G1CollectForAllocation, mode: safepoint, requested by thread 0x00000239a40bab80


---------------  P R O C E S S  ---------------

Threads class SMR info:
_java_thread_list=0x0000023a0f5780f0, length=18, elements={
0x00000239a40bab80, 0x00000239c707dd80, 0x00000239c707f0b0, 0x00000239c71b14a0,
0x00000239c71b2180, 0x00000239c71b31f0, 0x00000239c71b4870, 0x00000239c71b98b0,
0x00000239c71bb970, 0x00000239c71bfaa0, 0x00000239c730ca00, 0x00000239c7320da0,
0x00000239c78cf440, 0x0000023a0dca1af0, 0x0000023a0e1e96a0, 0x0000023a0e1e9190,
0x0000023a0e1e9bb0, 0x0000023a0dca2ae0
}

Java Threads: ( => current thread )
  0x00000239a40bab80 JavaThread "main" [_thread_blocked, id=19868, stack(0x000000c2ca500000,0x000000c2ca600000)]
  0x00000239c707dd80 JavaThread "Reference Handler" daemon [_thread_blocked, id=20076, stack(0x000000c2cac00000,0x000000c2cad00000)]
  0x00000239c707f0b0 JavaThread "Finalizer" daemon [_thread_blocked, id=16824, stack(0x000000c2cad00000,0x000000c2cae00000)]
  0x00000239c71b14a0 JavaThread "Signal Dispatcher" daemon [_thread_blocked, id=4396, stack(0x000000c2cae00000,0x000000c2caf00000)]
  0x00000239c71b2180 JavaThread "Attach Listener" daemon [_thread_blocked, id=22856, stack(0x000000c2caf00000,0x000000c2cb000000)]
  0x00000239c71b31f0 JavaThread "Service Thread" daemon [_thread_blocked, id=3328, stack(0x000000c2cb000000,0x000000c2cb100000)]
  0x00000239c71b4870 JavaThread "Monitor Deflation Thread" daemon [_thread_blocked, id=4664, stack(0x000000c2cb100000,0x000000c2cb200000)]
  0x00000239c71b98b0 JavaThread "C2 CompilerThread0" daemon [_thread_blocked, id=24012, stack(0x000000c2cb200000,0x000000c2cb300000)]
  0x00000239c71bb970 JavaThread "C1 CompilerThread0" daemon [_thread_blocked, id=1200, stack(0x000000c2cb300000,0x000000c2cb400000)]
  0x00000239c71bfaa0 JavaThread "Sweeper thread" daemon [_thread_blocked, id=6464, stack(0x000000c2cb400000,0x000000c2cb500000)]
  0x00000239c730ca00 JavaThread "Notification Thread" daemon [_thread_blocked, id=552, stack(0x000000c2cb500000,0x000000c2cb600000)]
  0x00000239c7320da0 JavaThread "Common-Cleaner" daemon [_thread_blocked, id=12872, stack(0x000000c2cb700000,0x000000c2cb800000)]
  0x00000239c78cf440 JavaThread "ReaderThread" [_thread_in_native, id=17772, stack(0x000000c2cba00000,0x000000c2cbb00000)]
  0x0000023a0dca1af0 JavaThread "C2 CompilerThread1" daemon [_thread_blocked, id=6216, stack(0x000000c2cb800000,0x000000c2cb900000)]
  0x0000023a0e1e96a0 JavaThread "PostgreSQL-JDBC-Cleaner" daemon [_thread_blocked, id=5344, stack(0x000000c2cb900000,0x000000c2cba00000)]
  0x0000023a0e1e9190 JavaThread "HikariPool-1 housekeeper" daemon [_thread_blocked, id=13292, stack(0x000000c2cc400000,0x000000c2cc500000)]
  0x0000023a0e1e9bb0 JavaThread "HikariPool-1 connection adder" daemon [_thread_blocked, id=2588, stack(0x000000c2cc500000,0x000000c2cc600000)]
  0x0000023a0dca2ae0 JavaThread "C2 CompilerThread2" daemon [_thread_blocked, id=20224, stack(0x000000c2cc600000,0x000000c2cc700000)]

Other Threads:
=>0x00000239c7079f10 VMThread "VM Thread" [stack: 0x000000c2cab00000,0x000000c2cac00000] [id=13416]
  0x00000239a41409b0 WatcherThread [stack: 0x000000c2cb600000,0x000000c2cb700000] [id=16704]
  0x00000239a41277e0 GCTaskThread "GC Thread#0" [stack: 0x000000c2ca600000,0x000000c2ca700000] [id=22948]
  0x00000239c7c05a60 GCTaskThread "GC Thread#1" [stack: 0x000000c2cbb00000,0x000000c2cbc00000] [id=17600]
  0x00000239c7a9ae10 GCTaskThread "GC Thread#2" [stack: 0x000000c2cbc00000,0x000000c2cbd00000] [id=23720]
  0x00000239c7a9b0d0 GCTaskThread "GC Thread#3" [stack: 0x000000c2cbd00000,0x000000c2cbe00000] [id=13492]
  0x00000239c7a9b390 GCTaskThread "GC Thread#4" [stack: 0x000000c2cbe00000,0x000000c2cbf00000] [id=9352]
  0x00000239c7ac7be0 GCTaskThread "GC Thread#5" [stack: 0x000000c2cbf00000,0x000000c2cc000000] [id=17500]
  0x0000023a0e6c0080 GCTaskThread "GC Thread#6" [stack: 0x000000c2cc000000,0x000000c2cc100000] [id=16996]
  0x0000023a0e374520 GCTaskThread "GC Thread#7" [stack: 0x000000c2cc100000,0x000000c2cc200000] [id=23648]
  0x00000239a4138c60 ConcurrentGCThread "G1 Main Marker" [stack: 0x000000c2ca700000,0x000000c2ca800000] [id=584]
  0x00000239a4139580 ConcurrentGCThread "G1 Conc#0" [stack: 0x000000c2ca800000,0x000000c2ca900000] [id=21196]
  0x0000023a0e62bc70 ConcurrentGCThread "G1 Conc#1" [stack: 0x000000c2cc200000,0x000000c2cc300000] [id=23596]
  0x00000239c6f32570 ConcurrentGCThread "G1 Refine#0" [stack: 0x000000c2ca900000,0x000000c2caa00000] [id=13116]
  0x00000239c6f34dc0 ConcurrentGCThread "G1 Service" [stack: 0x000000c2caa00000,0x000000c2cab00000] [id=21820]

Threads with active compile tasks:
C2 CompilerThread0     4654 4614       4       org.springframework.boot.context.properties.source.SpringConfigurationPropertySources$SourcesIterator::fetchNext (139 bytes)
C2 CompilerThread1     4654 4637   !   4       org.springframework.util.ClassUtils::getMostSpecificMethod (72 bytes)
C2 CompilerThread2     4654 4655       4       org.springframework.boot.autoconfigure.condition.ConditionEvaluationReport::lambda$addNoMatchOutcomeToAncestors$1 (41 bytes)

VM state: at safepoint (normal execution)

VM Mutex/Monitor currently owned by a thread:  ([mutex/lock_event])
[0x00000239a40b4c50] Threads_lock - owner thread: 0x00000239c7079f10
[0x00000239a40b4aa0] Heap_lock - owner thread: 0x00000239a40bab80

Heap address: 0x0000000701800000, size: 4072 MB, Compressed Oops mode: Zero based, Oop shift amount: 3

CDS archive(s) mapped at: [0x00000239c8000000-0x00000239c8bd0000-0x00000239c8bd0000), size 12386304, SharedBaseAddress: 0x00000239c8000000, ArchiveRelocationMode: 1.
Compressed class space mapped at: 0x00000239c9000000-0x0000023a09000000, reserved size: 1073741824
Narrow klass base: 0x00000239c8000000, Narrow klass shift: 0, Narrow klass range: 0x100000000

GC Precious Log:
 CPUs: 8 total, 8 available
 Memory: 16286M
 Large Page Support: Disabled
 NUMA Support: Disabled
 Compressed Oops: Enabled (Zero based)
 Heap Region Size: 2M
 Heap Min Capacity: 8M
 Heap Initial Capacity: 256M
 Heap Max Capacity: 4072M
 Pre-touch: Disabled
 Parallel Workers: 8
 Concurrent Workers: 2
 Concurrent Refinement Workers: 8
 Periodic GC: Disabled

Heap:
 garbage-first heap   total 55296K, used 23464K [0x0000000701800000, 0x0000000800000000)
  region size 2048K, 2 young (4096K), 2 survivors (4096K)
 Metaspace       used 54680K, committed 55104K, reserved 1114112K
  class space    used 7625K, committed 7808K, reserved 1048576K

Heap Regions: E=young(eden), S=young(survivor), O=old, HS=humongous(starts), HC=humongous(continues), CS=collection set, F=free, OA=open archive, CA=closed archive, TAMS=top-at-mark-start (previous, next)
|   0|0x0000000701800000, 0x0000000701a00000, 0x0000000701a00000|100%| O|  |TAMS 0x0000000701a00000, 0x0000000701800000| Untracked 
|   1|0x0000000701a00000, 0x0000000701c00000, 0x0000000701c00000|100%| O|  |TAMS 0x0000000701c00000, 0x0000000701a00000| Untracked 
|   2|0x0000000701c00000, 0x0000000701dce800, 0x0000000701e00000| 90%| O|  |TAMS 0x0000000701dce800, 0x0000000701c00000| Untracked 
|   3|0x0000000701e00000, 0x0000000702000000, 0x0000000702000000|100%| O|  |TAMS 0x0000000702000000, 0x0000000701e00000| Untracked 
|   4|0x0000000702000000, 0x0000000702200000, 0x0000000702200000|100%| O|  |TAMS 0x0000000702200000, 0x0000000702000000| Untracked 
|   5|0x0000000702200000, 0x0000000702400000, 0x0000000702400000|100%| O|  |TAMS 0x000000070237d800, 0x0000000702200000| Untracked 
|   6|0x0000000702400000, 0x0000000702600000, 0x0000000702600000|100%| O|  |TAMS 0x0000000702400000, 0x0000000702400000| Untracked 
|   7|0x0000000702600000, 0x00000007027d4a00, 0x0000000702800000| 91%| O|  |TAMS 0x0000000702600000, 0x0000000702600000| Untracked 
|   8|0x0000000702800000, 0x0000000702800000, 0x0000000702a00000|  0%| F|  |TAMS 0x0000000702800000, 0x0000000702800000| Untracked 
|   9|0x0000000702a00000, 0x0000000702a00000, 0x0000000702c00000|  0%| F|  |TAMS 0x0000000702a00000, 0x0000000702a00000| Untracked 
|  10|0x0000000702c00000, 0x0000000702e00000, 0x0000000702e00000|100%| O|  |TAMS 0x0000000702e00000, 0x0000000702c00000| Untracked 
|  11|0x0000000702e00000, 0x0000000703000000, 0x0000000703000000|100%| O|  |TAMS 0x0000000703000000, 0x0000000702e00000| Untracked 
|  12|0x0000000703000000, 0x0000000703000000, 0x0000000703200000|  0%| F|  |TAMS 0x0000000703000000, 0x0000000703000000| Untracked 
|  13|0x0000000703200000, 0x0000000703200000, 0x0000000703400000|  0%| F|  |TAMS 0x0000000703200000, 0x0000000703200000| Untracked 
|  14|0x0000000703400000, 0x0000000703400000, 0x0000000703600000|  0%| F|  |TAMS 0x0000000703400000, 0x0000000703400000| Untracked 
|  15|0x0000000703600000, 0x0000000703600000, 0x0000000703800000|  0%| F|  |TAMS 0x0000000703600000, 0x0000000703600000| Untracked 
|  16|0x0000000703800000, 0x0000000703946e20, 0x0000000703a00000| 63%| S|CS|TAMS 0x0000000703800000, 0x0000000703800000| Complete 
|  17|0x0000000703a00000, 0x0000000703c00000, 0x0000000703c00000|100%| S|CS|TAMS 0x0000000703a00000, 0x0000000703a00000| Complete 
|  18|0x0000000703c00000, 0x0000000703c00000, 0x0000000703e00000|  0%| F|  |TAMS 0x0000000703c00000, 0x0000000703c00000| Untracked 
|  19|0x0000000703e00000, 0x0000000703e00000, 0x0000000704000000|  0%| F|  |TAMS 0x0000000703e00000, 0x0000000703e00000| Untracked 
|  20|0x0000000704000000, 0x0000000704000000, 0x0000000704200000|  0%| F|  |TAMS 0x0000000704000000, 0x0000000704000000| Untracked 
|  21|0x0000000704200000, 0x0000000704200000, 0x0000000704400000|  0%| F|  |TAMS 0x0000000704200000, 0x0000000704200000| Untracked 
| 121|0x0000000710a00000, 0x0000000710a00000, 0x0000000710c00000|  0%| F|  |TAMS 0x0000000710a00000, 0x0000000710a00000| Untracked 
| 122|0x0000000710c00000, 0x0000000710c00000, 0x0000000710e00000|  0%| F|  |TAMS 0x0000000710c00000, 0x0000000710c00000| Untracked 
| 123|0x0000000710e00000, 0x0000000710e00000, 0x0000000711000000|  0%| F|  |TAMS 0x0000000710e00000, 0x0000000710e00000| Untracked 
| 124|0x0000000711000000, 0x0000000711000000, 0x0000000711200000|  0%| F|  |TAMS 0x0000000711000000, 0x0000000711000000| Untracked 
| 127|0x0000000711600000, 0x0000000711600000, 0x0000000711800000|  0%| F|  |TAMS 0x0000000711600000, 0x0000000711600000| Untracked 

Card table byte_map: [0x00000239bb6d0000,0x00000239bbed0000] _byte_map_base: 0x00000239b7ec4000

Marking Bits (Prev, Next): (CMBitMap*) 0x00000239a4127d50, (CMBitMap*) 0x00000239a4127d10
 Prev Bits: [0x00000239c0670000, 0x00000239c4610000)
 Next Bits: [0x00000239bc6d0000, 0x00000239c0670000)

Polling page: 0x00000239a1f20000

Metaspace:

Usage:
  Non-class:     45.95 MB used.
      Class:      7.45 MB used.
       Both:     53.40 MB used.

Virtual space:
  Non-class space:       64.00 MB reserved,      46.19 MB ( 72%) committed,  1 nodes.
      Class space:        1.00 GB reserved,       7.62 MB ( <1%) committed,  1 nodes.
             Both:        1.06 GB reserved,      53.81 MB (  5%) committed. 

Chunk freelists:
   Non-Class:  1.52 MB
       Class:  8.38 MB
        Both:  9.90 MB

MaxMetaspaceSize: unlimited
CompressedClassSpaceSize: 1.00 GB
Initial GC threshold: 21.00 MB
Current GC threshold: 66.88 MB
CDS: on
MetaspaceReclaimPolicy: balanced
 - commit_granule_bytes: 65536.
 - commit_granule_words: 8192.
 - virtual_space_node_default_size: 8388608.
 - enlarge_chunks_in_place: 1.
 - new_chunks_are_fully_committed: 0.
 - uncommit_free_chunks: 1.
 - use_allocation_guard: 0.
 - handle_deallocations: 1.


Internal statistics:

num_allocs_failed_limit: 9.
num_arena_births: 560.
num_arena_deaths: 0.
num_vsnodes_births: 2.
num_vsnodes_deaths: 0.
num_space_committed: 861.
num_space_uncommitted: 0.
num_chunks_returned_to_freelist: 9.
num_chunks_taken_from_freelist: 2528.
num_chunk_merges: 6.
num_chunk_splits: 1868.
num_chunks_enlarged: 1493.
num_inconsistent_stats: 0.

CodeHeap 'non-profiled nmethods': size=120000Kb used=2683Kb max_used=3286Kb free=117316Kb
 bounds [0x00000239b3670000, 0x00000239b39b0000, 0x00000239baba0000]
CodeHeap 'profiled nmethods': size=120000Kb used=7557Kb max_used=9780Kb free=112443Kb
 bounds [0x00000239abba0000, 0x00000239ac530000, 0x00000239b30d0000]
CodeHeap 'non-nmethods': size=5760Kb used=1293Kb max_used=1395Kb free=4466Kb
 bounds [0x00000239b30d0000, 0x00000239b3340000, 0x00000239b3670000]
 total_blobs=4524 nmethods=3911 adapters=524
 compilation: enabled
              stopped_count=0, restarted_count=0
 full_count=0

Compilation events (20 events):
Event: 4.606 Thread 0x00000239c71bb970 4662       3       java.lang.Math::multiplyExact (74 bytes)
Event: 4.606 Thread 0x00000239c71bb970 nmethod 4662 0x00000239abc75310 code [0x00000239abc754e0, 0x00000239abc75a08]
Event: 4.606 Thread 0x00000239c71bb970 4664       3       java.lang.Long::stringSize (55 bytes)
Event: 4.606 Thread 0x00000239c71bb970 nmethod 4664 0x00000239abcb2810 code [0x00000239abcb29c0, 0x00000239abcb2c58]
Event: 4.606 Thread 0x00000239c71bb970 4661       1       org.springframework.boot.context.properties.ConfigurationPropertiesBinder$ConfigurationPropertiesBinderFactory::getObjectType (3 bytes)
Event: 4.606 Thread 0x00000239c71bb970 nmethod 4661 0x00000239b36c2710 code [0x00000239b36c28a0, 0x00000239b36c2978]
Event: 4.607 Thread 0x00000239c71bb970 4665       2       org.springframework.util.ClassUtils::isAssignable (84 bytes)
Event: 4.607 Thread 0x00000239c71bb970 nmethod 4665 0x00000239abce4d10 code [0x00000239abce4f20, 0x00000239abce5378]
Event: 4.607 Thread 0x00000239c71bb970 4666       3       sun.reflect.generics.reflectiveObjects.WildcardTypeImpl::getLowerBounds (34 bytes)
Event: 4.608 Thread 0x00000239c71bb970 nmethod 4666 0x00000239abe46090 code [0x00000239abe46260, 0x00000239abe468f8]
Event: 4.609 Thread 0x00000239c71bb970 4667       3       org.springframework.core.ResolvableType::<init> (39 bytes)
Event: 4.609 Thread 0x00000239c71bb970 nmethod 4667 0x00000239abd19d10 code [0x00000239abd19ec0, 0x00000239abd1a288]
Event: 4.609 Thread 0x00000239c71bb970 4669       3       java.util.IdentityHashMap::put (137 bytes)
Event: 4.610 Thread 0x00000239c71bb970 nmethod 4669 0x00000239ac026490 code [0x00000239ac0266c0, 0x00000239ac0271b8]
Event: 4.610 Thread 0x00000239c71bb970 4668       3       java.util.IdentityHashMap::<init> (44 bytes)
Event: 4.610 Thread 0x00000239c71bb970 nmethod 4668 0x00000239ac179110 code [0x00000239ac179380, 0x00000239ac179de8]
Event: 4.616 Thread 0x00000239c71bb970 4671       3       java.nio.charset.CoderResult::isOverflow (14 bytes)
Event: 4.616 Thread 0x00000239c71bb970 nmethod 4671 0x00000239abc68e90 code [0x00000239abc69020, 0x00000239abc69198]
Event: 4.616 Thread 0x0000023a0dca2ae0 nmethod 4654 0x00000239b38a5290 code [0x00000239b38a54a0, 0x00000239b38a5d28]
Event: 4.616 Thread 0x0000023a0dca2ae0 4655       4       org.springframework.boot.autoconfigure.condition.ConditionEvaluationReport::lambda$addNoMatchOutcomeToAncestors$1 (41 bytes)

GC Heap History (20 events):
Event: 1.616 GC heap after
{Heap after GC invocations=3 (full 0):
 garbage-first heap   total 262144K, used 12290K [0x0000000701800000, 0x0000000800000000)
  region size 2048K, 4 young (8192K), 4 survivors (8192K)
 Metaspace       used 20622K, committed 20928K, reserved 1114112K
  class space    used 2645K, committed 2816K, reserved 1048576K
}
Event: 1.686 GC heap before
{Heap before GC invocations=3 (full 0):
 garbage-first heap   total 262144K, used 16386K [0x0000000701800000, 0x0000000800000000)
  region size 2048K, 7 young (14336K), 4 survivors (8192K)
 Metaspace       used 21215K, committed 21504K, reserved 1114112K
  class space    used 2728K, committed 2880K, reserved 1048576K
}
Event: 1.689 GC heap after
{Heap after GC invocations=4 (full 0):
 garbage-first heap   total 262144K, used 12254K [0x0000000701800000, 0x0000000800000000)
  region size 2048K, 4 young (8192K), 4 survivors (8192K)
 Metaspace       used 21215K, committed 21504K, reserved 1114112K
  class space    used 2728K, committed 2880K, reserved 1048576K
}
Event: 2.156 GC heap before
{Heap before GC invocations=5 (full 0):
 garbage-first heap   total 55296K, used 36830K [0x0000000701800000, 0x0000000800000000)
  region size 2048K, 17 young (34816K), 4 survivors (8192K)
 Metaspace       used 25148K, committed 25536K, reserved 1114112K
  class space    used 3325K, committed 3520K, reserved 1048576K
}
Event: 2.162 GC heap after
{Heap after GC invocations=6 (full 0):
 garbage-first heap   total 55296K, used 14359K [0x0000000701800000, 0x0000000800000000)
  region size 2048K, 5 young (10240K), 5 survivors (10240K)
 Metaspace       used 25148K, committed 25536K, reserved 1114112K
  class space    used 3325K, committed 3520K, reserved 1048576K
}
Event: 2.764 GC heap before
{Heap before GC invocations=6 (full 0):
 garbage-first heap   total 55296K, used 34839K [0x0000000701800000, 0x0000000800000000)
  region size 2048K, 16 young (32768K), 5 survivors (10240K)
 Metaspace       used 30945K, committed 31232K, reserved 1114112K
  class space    used 4027K, committed 4160K, reserved 1048576K
}
Event: 2.770 GC heap after
{Heap after GC invocations=7 (full 0):
 garbage-first heap   total 55296K, used 16362K [0x0000000701800000, 0x0000000800000000)
  region size 2048K, 2 young (4096K), 2 survivors (4096K)
 Metaspace       used 30945K, committed 31232K, reserved 1114112K
  class space    used 4027K, committed 4160K, reserved 1048576K
}
Event: 3.066 GC heap before
{Heap before GC invocations=7 (full 0):
 garbage-first heap   total 55296K, used 36842K [0x0000000701800000, 0x0000000800000000)
  region size 2048K, 12 young (24576K), 2 survivors (4096K)
 Metaspace       used 35085K, committed 35520K, reserved 1114112K
  class space    used 4695K, committed 4928K, reserved 1048576K
}
Event: 3.068 GC heap after
{Heap after GC invocations=8 (full 0):
 garbage-first heap   total 55296K, used 16929K [0x0000000701800000, 0x0000000800000000)
  region size 2048K, 2 young (4096K), 2 survivors (4096K)
 Metaspace       used 35085K, committed 35520K, reserved 1114112K
  class space    used 4695K, committed 4928K, reserved 1048576K
}
Event: 3.106 GC heap before
{Heap before GC invocations=8 (full 0):
 garbage-first heap   total 55296K, used 18977K [0x0000000701800000, 0x0000000800000000)
  region size 2048K, 4 young (8192K), 2 survivors (4096K)
 Metaspace       used 35595K, committed 35968K, reserved 1114112K
  class space    used 4767K, committed 4992K, reserved 1048576K
}
Event: 3.109 GC heap after
{Heap after GC invocations=9 (full 0):
 garbage-first heap   total 55296K, used 16907K [0x0000000701800000, 0x0000000800000000)
  region size 2048K, 1 young (2048K), 1 survivors (2048K)
 Metaspace       used 35595K, committed 35968K, reserved 1114112K
  class space    used 4767K, committed 4992K, reserved 1048576K
}
Event: 3.426 GC heap before
{Heap before GC invocations=10 (full 0):
 garbage-first heap   total 55296K, used 39435K [0x0000000701800000, 0x0000000800000000)
  region size 2048K, 12 young (24576K), 1 survivors (2048K)
 Metaspace       used 40391K, committed 40832K, reserved 1114112K
  class space    used 5420K, committed 5632K, reserved 1048576K
}
Event: 3.429 GC heap after
{Heap after GC invocations=11 (full 0):
 garbage-first heap   total 55296K, used 17936K [0x0000000701800000, 0x0000000800000000)
  region size 2048K, 2 young (4096K), 2 survivors (4096K)
 Metaspace       used 40391K, committed 40832K, reserved 1114112K
  class space    used 5420K, committed 5632K, reserved 1048576K
}
Event: 3.767 GC heap before
{Heap before GC invocations=12 (full 0):
 garbage-first heap   total 55296K, used 40464K [0x0000000701800000, 0x0000000800000000)
  region size 2048K, 13 young (26624K), 2 survivors (4096K)
 Metaspace       used 46139K, committed 46592K, reserved 1114112K
  class space    used 6436K, committed 6656K, reserved 1048576K
}
Event: 3.769 GC heap after
{Heap after GC invocations=13 (full 0):
 garbage-first heap   total 55296K, used 18861K [0x0000000701800000, 0x0000000800000000)
  region size 2048K, 2 young (4096K), 2 survivors (4096K)
 Metaspace       used 46139K, committed 46592K, reserved 1114112K
  class space    used 6436K, committed 6656K, reserved 1048576K
}
Event: 4.066 GC heap before
{Heap before GC invocations=13 (full 0):
 garbage-first heap   total 55296K, used 37293K [0x0000000701800000, 0x0000000800000000)
  region size 2048K, 12 young (24576K), 2 survivors (4096K)
 Metaspace       used 50221K, committed 50688K, reserved 1114112K
  class space    used 6986K, committed 7232K, reserved 1048576K
}
Event: 4.069 GC heap after
{Heap after GC invocations=14 (full 0):
 garbage-first heap   total 55296K, used 20235K [0x0000000701800000, 0x0000000800000000)
  region size 2048K, 2 young (4096K), 2 survivors (4096K)
 Metaspace       used 50221K, committed 50688K, reserved 1114112K
  class space    used 6986K, committed 7232K, reserved 1048576K
}
Event: 4.363 GC heap before
{Heap before GC invocations=14 (full 0):
 garbage-first heap   total 55296K, used 40715K [0x0000000701800000, 0x0000000800000000)
  region size 2048K, 12 young (24576K), 2 survivors (4096K)
 Metaspace       used 52473K, committed 52928K, reserved 1114112K
  class space    used 7327K, committed 7552K, reserved 1048576K
}
Event: 4.367 GC heap after
{Heap after GC invocations=15 (full 0):
 garbage-first heap   total 55296K, used 22051K [0x0000000701800000, 0x0000000800000000)
  region size 2048K, 2 young (4096K), 2 survivors (4096K)
 Metaspace       used 52473K, committed 52928K, reserved 1114112K
  class space    used 7327K, committed 7552K, reserved 1048576K
}
Event: 4.617 GC heap before
{Heap before GC invocations=15 (full 0):
 garbage-first heap   total 55296K, used 40483K [0x0000000701800000, 0x0000000800000000)
  region size 2048K, 11 young (22528K), 2 survivors (4096K)
 Metaspace       used 54680K, committed 55104K, reserved 1114112K
  class space    used 7625K, committed 7808K, reserved 1048576K
}

Dll operation events (10 events):
Event: 0.007 Loaded shared library C:\Program Files\Eclipse Adoptium\jdk-17.0.8.101-hotspot\bin\java.dll
Event: 0.021 Loaded shared library C:\Program Files\Eclipse Adoptium\jdk-17.0.8.101-hotspot\bin\jsvml.dll
Event: 0.100 Loaded shared library C:\Program Files\Eclipse Adoptium\jdk-17.0.8.101-hotspot\bin\net.dll
Event: 0.102 Loaded shared library C:\Program Files\Eclipse Adoptium\jdk-17.0.8.101-hotspot\bin\nio.dll
Event: 0.103 Loaded shared library C:\Program Files\Eclipse Adoptium\jdk-17.0.8.101-hotspot\bin\zip.dll
Event: 0.188 Loaded shared library C:\Program Files\Eclipse Adoptium\jdk-17.0.8.101-hotspot\bin\jimage.dll
Event: 2.306 Loaded shared library C:\Program Files\Eclipse Adoptium\jdk-17.0.8.101-hotspot\bin\management.dll
Event: 2.308 Loaded shared library C:\Program Files\Eclipse Adoptium\jdk-17.0.8.101-hotspot\bin\management_ext.dll
Event: 2.559 Loaded shared library C:\Program Files\Eclipse Adoptium\jdk-17.0.8.101-hotspot\bin\sunmscapi.dll
Event: 2.939 Loaded shared library C:\Program Files\Eclipse Adoptium\jdk-17.0.8.101-hotspot\bin\verify.dll

Deoptimization events (20 events):
Event: 4.543 Thread 0x00000239a40bab80 Uncommon trap: trap_request=0xffffff45 fr.pc=0x00000239b38cdf04 relative=0x0000000000000724
Event: 4.543 Thread 0x00000239a40bab80 Uncommon trap: reason=unstable_if action=reinterpret pc=0x00000239b38cdf04 method=java.util.Collections$SetFromMap.add(Ljava/lang/Object;)Z @ 13 c2
Event: 4.543 Thread 0x00000239a40bab80 DEOPT PACKING pc=0x00000239b38cdf04 sp=0x000000c2ca5fb520
Event: 4.543 Thread 0x00000239a40bab80 DEOPT UNPACKING pc=0x00000239b31269a3 sp=0x000000c2ca5fb520 mode 2
Event: 4.556 Thread 0x00000239a40bab80 Uncommon trap: trap_request=0xffffffde fr.pc=0x00000239b3721ea4 relative=0x0000000000000164
Event: 4.556 Thread 0x00000239a40bab80 Uncommon trap: reason=class_check action=maybe_recompile pc=0x00000239b3721ea4 method=org.springframework.boot.context.properties.source.ConfigurationPropertyName$Elements.charAt(II)C @ 43 c2
Event: 4.556 Thread 0x00000239a40bab80 DEOPT PACKING pc=0x00000239b3721ea4 sp=0x000000c2ca5f8110
Event: 4.556 Thread 0x00000239a40bab80 DEOPT UNPACKING pc=0x00000239b31269a3 sp=0x000000c2ca5f8088 mode 2
Event: 4.556 Thread 0x00000239a40bab80 Uncommon trap: trap_request=0xffffffde fr.pc=0x00000239b3721ea4 relative=0x0000000000000164
Event: 4.556 Thread 0x00000239a40bab80 Uncommon trap: reason=class_check action=maybe_recompile pc=0x00000239b3721ea4 method=org.springframework.boot.context.properties.source.ConfigurationPropertyName$Elements.charAt(II)C @ 43 c2
Event: 4.556 Thread 0x00000239a40bab80 DEOPT PACKING pc=0x00000239b3721ea4 sp=0x000000c2ca5f8110
Event: 4.556 Thread 0x00000239a40bab80 DEOPT UNPACKING pc=0x00000239b31269a3 sp=0x000000c2ca5f8088 mode 2
Event: 4.565 Thread 0x00000239a40bab80 Uncommon trap: trap_request=0xfffffff4 fr.pc=0x00000239b37c7458 relative=0x0000000000000238
Event: 4.565 Thread 0x00000239a40bab80 Uncommon trap: reason=null_check action=make_not_entrant pc=0x00000239b37c7458 method=org.springframework.util.ClassUtils.isAssignable(Ljava/lang/Class;Ljava/lang/Class;)Z @ 14 c2
Event: 4.565 Thread 0x00000239a40bab80 DEOPT PACKING pc=0x00000239b37c7458 sp=0x000000c2ca5fbae0
Event: 4.565 Thread 0x00000239a40bab80 DEOPT UNPACKING pc=0x00000239b31269a3 sp=0x000000c2ca5fba70 mode 2
Event: 4.603 Thread 0x00000239a40bab80 Uncommon trap: trap_request=0xffffff45 fr.pc=0x00000239b37387e0 relative=0x0000000000000060
Event: 4.603 Thread 0x00000239a40bab80 Uncommon trap: reason=unstable_if action=reinterpret pc=0x00000239b37387e0 method=org.springframework.util.ConcurrentReferenceHashMap$Segment.clear()V @ 7 c2
Event: 4.603 Thread 0x00000239a40bab80 DEOPT PACKING pc=0x00000239b37387e0 sp=0x000000c2ca5fc110
Event: 4.603 Thread 0x00000239a40bab80 DEOPT UNPACKING pc=0x00000239b31269a3 sp=0x000000c2ca5fc0a0 mode 2

Classes unloaded (0 events):
No events

Classes redefined (0 events):
No events

Internal exceptions (20 events):
Event: 3.838 Thread 0x00000239a40bab80 Exception <a 'java/lang/NoSuchMethodError'{0x0000000710fc2240}: 'java.lang.Object java.lang.invoke.DirectMethodHandle$Holder.invokeSpecial(java.lang.Object, java.lang.Object, java.lang.Object, java.lang.Object, java.lang.Object, java.lang.Object, java.lang.Object, java.lang.Object, int)'> (0x0000000710fc2240) 
thrown [s\src\hotspot\share\interpreter\linkResolver.cpp, line 759]
Event: 3.838 Thread 0x00000239a40bab80 Exception <a 'java/lang/NoSuchMethodError'{0x0000000710fc7500}: 'java.lang.Object java.lang.invoke.Invokers$Holder.linkToTargetMethod(java.lang.Object, java.lang.Object, java.lang.Object, java.lang.Object, java.lang.Object, java.lang.Object, int, java.lang.Object)'> (0x0000000710fc7500) 
thrown [s\src\hotspot\share\interpreter\linkResolver.cpp, line 759]
Event: 3.927 Thread 0x00000239a40bab80 Exception <a 'java/lang/IncompatibleClassChangeError'{0x00000007040cd540}: Found class java.lang.Object, but interface was expected> (0x00000007040cd540) 
thrown [s\src\hotspot\share\interpreter\linkResolver.cpp, line 826]
Event: 3.933 Thread 0x00000239a40bab80 Exception <a 'java/lang/IncompatibleClassChangeError'{0x0000000704156e48}: Found class java.lang.Object, but interface was expected> (0x0000000704156e48) 
thrown [s\src\hotspot\share\interpreter\linkResolver.cpp, line 826]
Event: 3.963 Thread 0x00000239a40bab80 Exception <a 'java/lang/IncompatibleClassChangeError'{0x0000000703efd520}: Found class java.lang.Object, but interface was expected> (0x0000000703efd520) 
thrown [s\src\hotspot\share\interpreter\linkResolver.cpp, line 826]
Event: 4.105 Thread 0x00000239a40bab80 Exception <a 'java/lang/IncompatibleClassChangeError'{0x0000000711029b08}: Found class java.lang.Object, but interface was expected> (0x0000000711029b08) 
thrown [s\src\hotspot\share\interpreter\linkResolver.cpp, line 826]
Event: 4.233 Thread 0x00000239a40bab80 Exception <a 'java/lang/NoSuchMethodError'{0x0000000704352d68}: 'void java.lang.invoke.DirectMethodHandle$Holder.invokeInterface(java.lang.Object, java.lang.Object, int)'> (0x0000000704352d68) 
thrown [s\src\hotspot\share\interpreter\linkResolver.cpp, line 759]
Event: 4.236 Thread 0x00000239a40bab80 Exception <a 'java/lang/IncompatibleClassChangeError'{0x00000007043a3390}: Found class java.lang.Object, but interface was expected> (0x00000007043a3390) 
thrown [s\src\hotspot\share\interpreter\linkResolver.cpp, line 826]
Event: 4.237 Thread 0x00000239a40bab80 Exception <a 'java/lang/NoSuchMethodError'{0x00000007043b4430}: 'int java.lang.invoke.DirectMethodHandle$Holder.invokeSpecialIFC(java.lang.Object, java.lang.Object, java.lang.Object)'> (0x00000007043b4430) 
thrown [s\src\hotspot\share\interpreter\linkResolver.cpp, line 759]
Event: 4.238 Thread 0x00000239a40bab80 Exception <a 'java/lang/NoSuchMethodError'{0x00000007043c2678}: 'void java.lang.invoke.DirectMethodHandle$Holder.invokeStatic(java.lang.Object, int, java.lang.Object)'> (0x00000007043c2678) 
thrown [s\src\hotspot\share\interpreter\linkResolver.cpp, line 759]
Event: 4.343 Thread 0x00000239a40bab80 Exception <a 'sun/nio/fs/WindowsException'{0x0000000703ab2b10}> (0x0000000703ab2b10) 
thrown [s\src\hotspot\share\prims\jni.cpp, line 516]
Event: 4.344 Thread 0x00000239a40bab80 Exception <a 'sun/nio/fs/WindowsException'{0x0000000703ab9080}> (0x0000000703ab9080) 
thrown [s\src\hotspot\share\prims\jni.cpp, line 516]
Event: 4.418 Thread 0x00000239a40bab80 Exception <a 'java/lang/NoSuchMethodError'{0x0000000710e3dd60}: 'void java.lang.invoke.DirectMethodHandle$Holder.invokeVirtual(java.lang.Object, java.lang.Object, int)'> (0x0000000710e3dd60) 
thrown [s\src\hotspot\share\interpreter\linkResolver.cpp, line 759]
Event: 4.421 Thread 0x00000239a40bab80 Exception <a 'java/lang/NoSuchMethodError'{0x0000000710e65828}: 'void java.lang.invoke.DirectMethodHandle$Holder.invokeVirtual(java.lang.Object, java.lang.Object, long)'> (0x0000000710e65828) 
thrown [s\src\hotspot\share\interpreter\linkResolver.cpp, line 759]
Event: 4.516 Thread 0x00000239a40bab80 Exception <a 'java/lang/IncompatibleClassChangeError'{0x00000007042edbd8}: Found class java.lang.Object, but interface was expected> (0x00000007042edbd8) 
thrown [s\src\hotspot\share\interpreter\linkResolver.cpp, line 826]
Event: 4.565 Thread 0x00000239a40bab80 Implicit null exception at 0x00000239b37c7240 to 0x00000239b37c7444
Event: 4.596 Thread 0x00000239a40bab80 Exception <a 'java/lang/NoSuchMethodError'{0x0000000703d0ad20}: 'java.lang.Object java.lang.invoke.DirectMethodHandle$Holder.newInvokeSpecial(java.lang.Object, java.lang.Object, int, java.lang.Object, java.lang.Object)'> (0x0000000703d0ad20) 
thrown [s\src\hotspot\share\interpreter\linkResolver.cpp, line 759]
Event: 4.596 Thread 0x00000239a40bab80 Exception <a 'java/lang/NoSuchMethodError'{0x0000000703d16ab0}: 'java.lang.Object java.lang.invoke.DirectMethodHandle$Holder.invokeSpecial(java.lang.Object, java.lang.Object, int, java.lang.Object, int, java.lang.Object)'> (0x0000000703d16ab0) 
thrown [s\src\hotspot\share\interpreter\linkResolver.cpp, line 759]
Event: 4.597 Thread 0x00000239a40bab80 Exception <a 'java/lang/NoSuchMethodError'{0x0000000703d1ed40}: 'java.lang.Object java.lang.invoke.DirectMethodHandle$Holder.newInvokeSpecial(java.lang.Object, java.lang.Object, int, java.lang.Object, int)'> (0x0000000703d1ed40) 
thrown [s\src\hotspot\share\interpreter\linkResolver.cpp, line 759]
Event: 4.597 Thread 0x00000239a40bab80 Exception <a 'java/lang/NoSuchMethodError'{0x0000000703d23348}: 'java.lang.Object java.lang.invoke.DirectMethodHandle$Holder.invokeSpecial(java.lang.Object, java.lang.Object, java.lang.Object, int, java.lang.Object, int)'> (0x0000000703d23348) 
thrown [s\src\hotspot\share\interpreter\linkResolver.cpp, line 759]

VM Operations (20 events):
Event: 4.137 Executing VM operation: HandshakeAllThreads done
Event: 4.297 Executing VM operation: ICBufferFull
Event: 4.298 Executing VM operation: ICBufferFull done
Event: 4.331 Executing VM operation: HandshakeAllThreads
Event: 4.331 Executing VM operation: HandshakeAllThreads done
Event: 4.363 Executing VM operation: G1CollectForAllocation
Event: 4.367 Executing VM operation: G1CollectForAllocation done
Event: 4.433 Executing VM operation: HandshakeAllThreads
Event: 4.433 Executing VM operation: HandshakeAllThreads done
Event: 4.503 Executing VM operation: HandshakeAllThreads
Event: 4.503 Executing VM operation: HandshakeAllThreads done
Event: 4.567 Executing VM operation: HandshakeAllThreads
Event: 4.567 Executing VM operation: HandshakeAllThreads done
Event: 4.575 Executing VM operation: HandshakeAllThreads
Event: 4.576 Executing VM operation: HandshakeAllThreads done
Event: 4.583 Executing VM operation: HandshakeAllThreads
Event: 4.583 Executing VM operation: HandshakeAllThreads done
Event: 4.607 Executing VM operation: ICBufferFull
Event: 4.607 Executing VM operation: ICBufferFull done
Event: 4.617 Executing VM operation: G1CollectForAllocation

Events (20 events):
Event: 4.587 Thread 0x00000239c71bfaa0 flushing nmethod 0x00000239ac331c90
Event: 4.587 Thread 0x00000239c71bfaa0 flushing nmethod 0x00000239ac335190
Event: 4.587 Thread 0x00000239c71bfaa0 flushing nmethod 0x00000239ac338590
Event: 4.587 Thread 0x00000239c71bfaa0 flushing nmethod 0x00000239ac351590
Event: 4.587 Thread 0x00000239c71bfaa0 flushing nmethod 0x00000239ac360f10
Event: 4.587 Thread 0x00000239c71bfaa0 flushing nmethod 0x00000239ac366710
Event: 4.587 Thread 0x00000239c71bfaa0 flushing nmethod 0x00000239ac376b10
Event: 4.587 Thread 0x00000239c71bfaa0 flushing nmethod 0x00000239ac3f9710
Event: 4.587 Thread 0x00000239c71bfaa0 flushing nmethod 0x00000239ac42e490
Event: 4.587 Thread 0x00000239c71bfaa0 flushing nmethod 0x00000239ac43f590
Event: 4.587 Thread 0x00000239c71bfaa0 flushing nmethod 0x00000239ac43fe90
Event: 4.587 Thread 0x00000239c71bfaa0 flushing nmethod 0x00000239ac47bf10
Event: 4.587 Thread 0x00000239c71bfaa0 flushing nmethod 0x00000239ac47f090
Event: 4.587 Thread 0x00000239c71bfaa0 flushing nmethod 0x00000239ac4a9390
Event: 4.604 loading class jdk/internal/math/FDBigInteger
Event: 4.604 loading class jdk/internal/math/FDBigInteger done
Event: 4.605 loading class java/lang/management/RuntimeMXBean
Event: 4.605 loading class java/lang/management/RuntimeMXBean done
Event: 4.605 loading class sun/management/RuntimeImpl
Event: 4.605 loading class sun/management/RuntimeImpl done


Dynamic libraries:
0x00007ff670cf0000 - 0x00007ff670cfe000 	C:\Program Files\Eclipse Adoptium\jdk-17.0.8.101-hotspot\bin\javaw.exe
0x00007ffbe5bd0000 - 0x00007ffbe5dc8000 	C:\Windows\SYSTEM32\ntdll.dll
0x00007ffbe3d40000 - 0x00007ffbe3dfd000 	C:\Windows\System32\KERNEL32.DLL
0x00007ffbe3770000 - 0x00007ffbe3a66000 	C:\Windows\System32\KERNELBASE.dll
0x00007ffbe32b0000 - 0x00007ffbe33b0000 	C:\Windows\System32\ucrtbase.dll
0x00007ffbdadf0000 - 0x00007ffbdae09000 	C:\Program Files\Eclipse Adoptium\jdk-17.0.8.101-hotspot\bin\VCRUNTIME140.dll
0x00007ffbddfc0000 - 0x00007ffbddfd7000 	C:\Program Files\Eclipse Adoptium\jdk-17.0.8.101-hotspot\bin\jli.dll
0x00007ffbe4780000 - 0x00007ffbe491e000 	C:\Windows\System32\USER32.dll
0x00007ffbd6ee0000 - 0x00007ffbd717a000 	C:\Windows\WinSxS\amd64_microsoft.windows.common-controls_6595b64144ccf1df_6.0.19041.1110_none_60b5254171f9507e\COMCTL32.dll
0x00007ffbe3a70000 - 0x00007ffbe3a92000 	C:\Windows\System32\win32u.dll
0x00007ffbe5790000 - 0x00007ffbe57bc000 	C:\Windows\System32\GDI32.dll
0x00007ffbe5180000 - 0x00007ffbe521e000 	C:\Windows\System32\msvcrt.dll
0x00007ffbe3b10000 - 0x00007ffbe3c2a000 	C:\Windows\System32\gdi32full.dll
0x00007ffbe3400000 - 0x00007ffbe349d000 	C:\Windows\System32\msvcp_win.dll
0x00007ffbe3d10000 - 0x00007ffbe3d40000 	C:\Windows\System32\IMM32.DLL
0x00007ffbe0af0000 - 0x00007ffbe0afc000 	C:\Program Files\Eclipse Adoptium\jdk-17.0.8.101-hotspot\bin\vcruntime140_1.dll
0x00007ffbd8800000 - 0x00007ffbd8891000 	C:\Program Files\Eclipse Adoptium\jdk-17.0.8.101-hotspot\bin\msvcp140.dll
0x00007ffba8e50000 - 0x00007ffba9a9c000 	C:\Program Files\Eclipse Adoptium\jdk-17.0.8.101-hotspot\bin\server\jvm.dll
0x00007ffbe46d0000 - 0x00007ffbe477e000 	C:\Windows\System32\ADVAPI32.dll
0x00007ffbe4920000 - 0x00007ffbe49bc000 	C:\Windows\System32\sechost.dll
0x00007ffbe57c0000 - 0x00007ffbe58e6000 	C:\Windows\System32\RPCRT4.dll
0x00007ffbe0b20000 - 0x00007ffbe0b29000 	C:\Windows\SYSTEM32\WSOCK32.dll
0x00007ffbe2860000 - 0x00007ffbe28ab000 	C:\Windows\SYSTEM32\POWRPROF.dll
0x00007ffbd9fa0000 - 0x00007ffbd9fc7000 	C:\Windows\SYSTEM32\WINMM.dll
0x00007ffbe49c0000 - 0x00007ffbe4a2b000 	C:\Windows\System32\WS2_32.dll
0x00007ffbdd0f0000 - 0x00007ffbdd0fa000 	C:\Windows\SYSTEM32\VERSION.dll
0x00007ffbe26d0000 - 0x00007ffbe26e2000 	C:\Windows\SYSTEM32\UMPDC.dll
0x00007ffbe1160000 - 0x00007ffbe1172000 	C:\Windows\SYSTEM32\kernel.appcore.dll
0x00007ffbdcc60000 - 0x00007ffbdcc6a000 	C:\Program Files\Eclipse Adoptium\jdk-17.0.8.101-hotspot\bin\jimage.dll
0x00007ffbd7ae0000 - 0x00007ffbd7cc4000 	C:\Windows\SYSTEM32\DBGHELP.DLL
0x00007ffbc92a0000 - 0x00007ffbc92d4000 	C:\Windows\SYSTEM32\dbgcore.DLL
0x00007ffbe34a0000 - 0x00007ffbe3522000 	C:\Windows\System32\bcryptPrimitives.dll
0x00007ffbd9a60000 - 0x00007ffbd9a85000 	C:\Program Files\Eclipse Adoptium\jdk-17.0.8.101-hotspot\bin\java.dll
0x00007ffbd8420000 - 0x00007ffbd84f6000 	C:\Program Files\Eclipse Adoptium\jdk-17.0.8.101-hotspot\bin\jsvml.dll
0x00007ffbe4a30000 - 0x00007ffbe5175000 	C:\Windows\System32\SHELL32.dll
0x00007ffbe1360000 - 0x00007ffbe1afb000 	C:\Windows\SYSTEM32\windows.storage.dll
0x00007ffbe5340000 - 0x00007ffbe5694000 	C:\Windows\System32\combase.dll
0x00007ffbe2cf0000 - 0x00007ffbe2d1e000 	C:\Windows\SYSTEM32\Wldp.dll
0x00007ffbe3c60000 - 0x00007ffbe3d0d000 	C:\Windows\System32\SHCORE.dll
0x00007ffbe5730000 - 0x00007ffbe5785000 	C:\Windows\System32\shlwapi.dll
0x00007ffbe31e0000 - 0x00007ffbe3205000 	C:\Windows\SYSTEM32\profapi.dll
0x00007ffbd8ac0000 - 0x00007ffbd8ad9000 	C:\Program Files\Eclipse Adoptium\jdk-17.0.8.101-hotspot\bin\net.dll
0x00007ffbdcd20000 - 0x00007ffbdce2a000 	C:\Windows\SYSTEM32\WINHTTP.dll
0x00007ffbe2a50000 - 0x00007ffbe2aba000 	C:\Windows\system32\mswsock.dll
0x00007ffbd8aa0000 - 0x00007ffbd8ab5000 	C:\Program Files\Eclipse Adoptium\jdk-17.0.8.101-hotspot\bin\nio.dll
0x00007ffbd87e0000 - 0x00007ffbd87f8000 	C:\Program Files\Eclipse Adoptium\jdk-17.0.8.101-hotspot\bin\zip.dll
0x00007ffbe26f0000 - 0x00007ffbe272b000 	C:\Windows\SYSTEM32\IPHLPAPI.DLL
0x00007ffbe3c30000 - 0x00007ffbe3c38000 	C:\Windows\System32\NSI.dll
0x00007ffbdd4e0000 - 0x00007ffbdd4f7000 	C:\Windows\SYSTEM32\dhcpcsvc6.DLL
0x00007ffbdd950000 - 0x00007ffbdd96d000 	C:\Windows\SYSTEM32\dhcpcsvc.DLL
0x00007ffbe2730000 - 0x00007ffbe27fa000 	C:\Windows\SYSTEM32\DNSAPI.dll
0x00007ffbdaec0000 - 0x00007ffbdaeca000 	C:\Windows\System32\rasadhlp.dll
0x00007ffbd9e90000 - 0x00007ffbd9f12000 	C:\Windows\System32\fwpuclnt.dll
0x00007ffbe35e0000 - 0x00007ffbe3607000 	C:\Windows\System32\bcrypt.dll
0x00007ffbdcb10000 - 0x00007ffbdcb19000 	C:\Program Files\Eclipse Adoptium\jdk-17.0.8.101-hotspot\bin\management.dll
0x00007ffbdba70000 - 0x00007ffbdba7b000 	C:\Program Files\Eclipse Adoptium\jdk-17.0.8.101-hotspot\bin\management_ext.dll
0x00007ffbe3c50000 - 0x00007ffbe3c58000 	C:\Windows\System32\PSAPI.DLL
0x00007ffbe2c40000 - 0x00007ffbe2c58000 	C:\Windows\SYSTEM32\CRYPTSP.dll
0x00007ffbe22f0000 - 0x00007ffbe2324000 	C:\Windows\system32\rsaenh.dll
0x00007ffbe3160000 - 0x00007ffbe318e000 	C:\Windows\SYSTEM32\USERENV.dll
0x00007ffbe2c60000 - 0x00007ffbe2c6c000 	C:\Windows\SYSTEM32\CRYPTBASE.dll
0x00007ffbda650000 - 0x00007ffbda65e000 	C:\Program Files\Eclipse Adoptium\jdk-17.0.8.101-hotspot\bin\sunmscapi.dll
0x00007ffbe3610000 - 0x00007ffbe376e000 	C:\Windows\System32\CRYPT32.dll
0x00007ffbe2d60000 - 0x00007ffbe2d88000 	C:\Windows\SYSTEM32\ncrypt.dll
0x00007ffbe2d20000 - 0x00007ffbe2d5b000 	C:\Windows\SYSTEM32\NTASN1.dll
0x00007ffbda190000 - 0x00007ffbda1a0000 	C:\Program Files\Eclipse Adoptium\jdk-17.0.8.101-hotspot\bin\verify.dll

dbghelp: loaded successfully - version: 4.0.5 - missing functions: none
symbol engine: initialized successfully - sym options: 0x614 - pdb path: .;C:\Program Files\Eclipse Adoptium\jdk-17.0.8.101-hotspot\bin;C:\Windows\SYSTEM32;C:\Windows\WinSxS\amd64_microsoft.windows.common-controls_6595b64144ccf1df_6.0.19041.1110_none_60b5254171f9507e;C:\Program Files\Eclipse Adoptium\jdk-17.0.8.101-hotspot\bin\server

VM Arguments:
jvm_args: -ea -Dfile.encoding=UTF-8 -Dstdout.encoding=UTF-8 -Dstderr.encoding=UTF-8 -XX:+ShowCodeDetailsInExceptionMessages 
java_command: org.eclipse.jdt.internal.junit.runner.RemoteTestRunner -version 3 -port 51599 -testLoaderClass org.eclipse.jdt.internal.junit5.runner.JUnit5TestLoader -loaderpluginname org.eclipse.jdt.junit5.runtime -classNames com.firstdecision.userregistration.api.controller.UserControllerTest
java_class_path (initial): D:\Workspace\user-registration-api\target\test-classes;D:\Workspace\user-registration-api\target\classes;C:\Users\Jérome\.m2\repository\org\springframework\boot\spring-boot-starter-web\3.1.4\spring-boot-starter-web-3.1.4.jar;C:\Users\Jérome\.m2\repository\org\springframework\boot\spring-boot-starter\3.1.4\spring-boot-starter-3.1.4.jar;C:\Users\Jérome\.m2\repository\org\springframework\boot\spring-boot-starter-logging\3.1.4\spring-boot-starter-logging-3.1.4.jar;C:\Users\Jérome\.m2\repository\ch\qos\logback\logback-classic\1.4.11\logback-classic-1.4.11.jar;C:\Users\Jérome\.m2\repository\ch\qos\logback\logback-core\1.4.11\logback-core-1.4.11.jar;C:\Users\Jérome\.m2\repository\org\apache\logging\log4j\log4j-to-slf4j\2.20.0\log4j-to-slf4j-2.20.0.jar;C:\Users\Jérome\.m2\repository\org\apache\logging\log4j\log4j-api\2.20.0\log4j-api-2.20.0.jar;C:\Users\Jérome\.m2\repository\org\slf4j\jul-to-slf4j\2.0.9\jul-to-slf4j-2.0.9.jar;C:\Users\Jérome\.m2\repository\jakarta\annotation\jakarta.annotation-api\2.1.1\jakarta.annotation-api-2.1.1.jar;C:\Users\Jérome\.m2\repository\org\yaml\snakeyaml\1.33\snakeyaml-1.33.jar;C:\Users\Jérome\.m2\repository\org\springframework\boot\spring-boot-starter-json\3.1.4\spring-boot-starter-json-3.1.4.jar;C:\Users\Jérome\.m2\repository\com\fasterxml\jackson\core\jackson-databind\2.15.2\jackson-databind-2.15.2.jar;C:\Users\Jérome\.m2\repository\com\fasterxml\jackson\core\jackson-annotations\2.15.2\jackson-annotations-2.15.2.jar;C:\Users\Jérome\.m2\repository\com\fasterxml\jackson\core\jackson-core\2.15.2\jackson-core-2.15.2.jar;C:\Users\Jérome\.m2\repository\com\fasterxml\jackson\datatype\jackson-datatype-jdk8\2.15.2\jackson-datatype-jdk8-2.15.2.jar;C:\Users\Jérome\.m2\repository\com\fasterxml\jackson\datatype\jackson-datatype-jsr310\2.15.2\jackson-datatype-jsr310-2.15.2.jar;C:\Users\Jérome\.m2\repository\com\fasterxml\jackson\module\jackson-module-parameter-names\2.15.2\jackson-module-parameter-names-2.15.2.jar;C:\Users\Jé
Launcher Type: SUN_STANDARD

[Global flags]
     intx CICompilerCount                          = 4                                         {product} {ergonomic}
     uint ConcGCThreads                            = 2                                         {product} {ergonomic}
     uint G1ConcRefinementThreads                  = 8                                         {product} {ergonomic}
   size_t G1HeapRegionSize                         = 2097152                                   {product} {ergonomic}
    uintx GCDrainStackTargetSize                   = 64                                        {product} {ergonomic}
   size_t InitialHeapSize                          = 268435456                                 {product} {ergonomic}
   size_t MarkStackSize                            = 4194304                                   {product} {ergonomic}
   size_t MaxHeapSize                              = 4269801472                                {product} {ergonomic}
   size_t MaxNewSize                               = 2560622592                                {product} {ergonomic}
   size_t MinHeapDeltaBytes                        = 2097152                                   {product} {ergonomic}
   size_t MinHeapSize                              = 8388608                                   {product} {ergonomic}
    uintx NonNMethodCodeHeapSize                   = 5839372                                {pd product} {ergonomic}
    uintx NonProfiledCodeHeapSize                  = 122909434                              {pd product} {ergonomic}
    uintx ProfiledCodeHeapSize                     = 122909434                              {pd product} {ergonomic}
    uintx ReservedCodeCacheSize                    = 251658240                              {pd product} {ergonomic}
     bool SegmentedCodeCache                       = true                                      {product} {ergonomic}
     bool ShowCodeDetailsInExceptionMessages       = true                                   {manageable} {command line}
   size_t SoftMaxHeapSize                          = 4269801472                             {manageable} {ergonomic}
     bool UseCompressedClassPointers               = true                           {product lp64_product} {ergonomic}
     bool UseCompressedOops                        = true                           {product lp64_product} {ergonomic}
     bool UseG1GC                                  = true                                      {product} {ergonomic}
     bool UseLargePagesIndividualAllocation        = false                                  {pd product} {ergonomic}

Logging:
Log output configuration:
 #0: stdout all=warning uptime,level,tags
 #1: stderr all=off uptime,level,tags

Environment Variables:
JAVA_HOME=C:\Program Files\Eclipse Adoptium\jdk-17.0.8.101-hotspot\
PATH=C:/Users/Jérome/Desktop/Documentos/sts-4.20.0.RELEASE//plugins/org.eclipse.justj.openjdk.hotspot.jre.full.win32.x86_64_17.0.8.v20230831-1047/jre/bin/server;C:/Users/Jérome/Desktop/Documentos/sts-4.20.0.RELEASE//plugins/org.eclipse.justj.openjdk.hotspot.jre.full.win32.x86_64_17.0.8.v20230831-1047/jre/bin;C:\Program Files\Eclipse Adoptium\jdk-17.0.8.101-hotspot\bin;C:\Program Files (x86)\Common Files\Oracle\Java\javapath;C:\Python39\Scripts\;C:\Python39\;C:\Program Files (x86)\Intel\Intel(R) Management Engine Components\iCLS\;C:\Program Files\Intel\Intel(R) Management Engine Components\iCLS\;C:\Windows\system32;C:\Windows;C:\Windows\System32\Wbem;C:\Windows\System32\WindowsPowerShell\v1.0\;C:\Windows\System32\OpenSSH\;C:\Program Files (x86)\NVIDIA Corporation\PhysX\Common;C:\Program Files\NVIDIA Corporation\NVIDIA NvDLISR;C:\Program Files (x86)\Intel\Intel(R) Management Engine Components\DAL;C:\Program Files\Intel\Intel(R) Management Engine Components\DAL;C:\Program Files (x86)\Intel\Intel(R) Management Engine Components\IPT;C:\Program Files\Intel\Intel(R) Management Engine Components\IPT;C:\ProgramData\chocolatey\bin;C:\Program Files\Git\cmd;C:\Program Files (x86)\Yarn\bin\;C:\Program Files\Eclipse Adoptium\jdk-17.0.8.101-hotspot\;C:\Windows\SysWOW64;C:\Program Files\nodejs\;C:\Program Files\dotnet\;C:\Program Files\Eclipse Adoptium\jdk-17.0.8.101-hotspot\\bin;C:\Users\Jérome\AppData\Local\Microsoft\WindowsApps;C:\Users\Jérome\AppData\Local\Programs\Microsoft VS Code\bin;C:\Users\Jérome\AppData\Local\Yarn\bin;C:\Users\Jérome\AppData\Roaming\npm;C:\Program Files\Eclipse Adoptium\jdk-17.0.8.101-hotspot\\bin;;C:\Users\Jérome\Desktop\Documentos\sts-4.20.0.RELEASE;
USERNAME=Jérome
OS=Windows_NT
PROCESSOR_IDENTIFIER=Intel64 Family 6 Model 94 Stepping 3, GenuineIntel
TMP=C:\Users\JROME~1\AppData\Local\Temp
TEMP=C:\Users\JROME~1\AppData\Local\Temp



---------------  S Y S T E M  ---------------

OS:
 Windows 10 , 64 bit Build 19041 (10.0.19041.3393)
OS uptime: 3 days 2:34 hours

CPU: total 8 (initial active 8) (4 cores per cpu, 2 threads per core) family 6 model 94 stepping 3 microcode 0xcc, cx8, cmov, fxsr, ht, mmx, 3dnowpref, sse, sse2, sse3, ssse3, sse4.1, sse4.2, popcnt, lzcnt, tsc, tscinvbit, avx, avx2, aes, erms, clmul, bmi1, bmi2, rtm, adx, fma, vzeroupper, clflush, clflushopt
Processor Information for all 8 processors :
  Max Mhz: 4001, Current Mhz: 4001, Mhz Limit: 4001

Memory: 4k page, system-wide physical 16286M (6253M free)
TotalPageFile size 18334M (AvailPageFile size 5M)
current process WorkingSet (physical memory assigned to process): 228M, peak: 234M
current process commit charge ("private bytes"): 367M, peak: 406M

vm_info: OpenJDK 64-Bit Server VM (17.0.8.1+1) for windows-amd64 JRE (17.0.8.1+1), built on Aug 23 2023 15:29:17 by "admin" with MS VC++ 16.7 (VS2019)

END.
